<?xml version="1.0" encoding="UTF-8"?>
<!DOCTYPE report PUBLIC "-//JACOCO//DTD Report 1.1//EN" "report.dtd">
<report name="invented-runner">
  <package name="Invented.Module">
    <class name="Invented.Module.Alpha">
      <counter type="LINE" missed="5" covered="5"/>
      <counter type="BRANCH" missed="2" covered="2"/>
    </class>
    <class name="Invented.Module.Beta">
      <counter type="LINE" missed="3" covered="2"/>
      <counter type="BRANCH" missed="1" covered="1"/>
    </class>
    <counter type="LINE" missed="8" covered="7"/>
    <counter type="BRANCH" missed="3" covered="3"/>
  </package>
  <counter type="INSTRUCTION" missed="15" covered="185"/>
  <counter type="LINE" missed="10" covered="90"/>
  <counter type="BRANCH" missed="10" covered="90"/>
  <counter type="COMPLEXITY" missed="4" covered="46"/>
  <counter type="METHOD" missed="2" covered="18"/>
  <counter type="CLASS" missed="0" covered="4"/>
</report>
